<?xml version="1.0" encoding="UTF-8"?>
<!-- Generated by org.testng.reporters.JUnitReportReporter -->
<testsuite skipped="0" hostname="TGS-DPC-2057" name="com.tv.trainings.FruitsTest" tests="7" failures="0" timestamp="08 Jul 2021 23:17:30 GMT" time="0.152" errors="0">
  <testcase name="T02_validateAppleBowl" time="0.108" classname="com.tv.trainings.FruitsTest"/>
  <testcase name="T03_validateBananaBowl" time="0.003" classname="com.tv.trainings.FruitsTest"/>
  <testcase name="T08_validateBananaCount" time="0.002" classname="com.tv.trainings.FruitsTest"/>
  <testcase name="T04_validateOrangeBowl" time="0.027" classname="com.tv.trainings.FruitsTest"/>
  <testcase name="T05_removeAllApples" time="0.003" classname="com.tv.trainings.FruitsTest"/>
  <testcase name="T07_getOrangePrice" time="0.006" classname="com.tv.trainings.FruitsTest"/>
  <testcase name="T06_getGreenApplePrice" time="0.003" classname="com.tv.trainings.FruitsTest"/>
</testsuite> <!-- com.tv.trainings.FruitsTest -->
