<?xml version="1.0" encoding="UTF-8"?>
<!-- Generated by org.testng.reporters.JUnitReportReporter -->
<testsuite skipped="0" hostname="TGS-DPC-2057" name="com.tv.trainings2.ShopTest" tests="5" failures="0" timestamp="08 Jul 2021 23:17:30 GMT" time="0.164" errors="0">
  <testcase name="validateGstProducts" time="0.061" classname="com.tv.trainings2.ShopTest"/>
  <testcase name="getAllGstProducts" time="0.010" classname="com.tv.trainings2.ShopTest"/>
  <testcase name="getAllGstProductsWithinSomePriceRange" time="0.089" classname="com.tv.trainings2.ShopTest"/>
  <testcase name="validateProductAvailability" time="0.002" classname="com.tv.trainings2.ShopTest"/>
  <testcase name="validateGstProductsListCount" time="0.002" classname="com.tv.trainings2.ShopTest"/>
</testsuite> <!-- com.tv.trainings2.ShopTest -->
