<?xml version="1.0" encoding="UTF-8"?>
<!-- Generated by org.testng.reporters.JUnitReportReporter -->
<testsuite skipped="0" hostname="TGS-DPC-2057" name="com.tv.trainings3.CMHospitalTest" tests="4" failures="0" timestamp="09 Jul 2021 02:36:29 GMT" time="0.057" errors="0">
  <testcase name="DisplayPatientListVisitedOnJuly5" time="0.005" classname="com.tv.trainings3.CMHospitalTest"/>
  <testcase name="validateLocalPatientsCount" time="0.015" classname="com.tv.trainings3.CMHospitalTest"/>
  <testcase name="DisplayPatientListVisitedFromJuly1To5" time="0.027" classname="com.tv.trainings3.CMHospitalTest"/>
  <testcase name="decisionBasedOnPatientsData" time="0.010" classname="com.tv.trainings3.CMHospitalTest"/>
</testsuite> <!-- com.tv.trainings3.CMHospitalTest -->
