<?xml version="1.0" encoding="UTF-8"?>
<!-- Generated by org.testng.reporters.JUnitReportReporter -->
<testsuite skipped="0" hostname="TGS-DPC-2057" name="com.tv.trainings2.ShopTest" tests="4" failures="0" timestamp="07 Jul 2021 07:38:09 GMT" time="0.012" errors="0">
  <testcase name="addProducts" time="0.005" classname="com.tv.trainings2.ShopTest"/>
  <testcase name="validateGstProducts" time="0.003" classname="com.tv.trainings2.ShopTest"/>
  <testcase name="validateGstProductsListCount" time="0.002" classname="com.tv.trainings2.ShopTest"/>
  <testcase name="getAllGstProducts" time="0.002" classname="com.tv.trainings2.ShopTest"/>
</testsuite> <!-- com.tv.trainings2.ShopTest -->
