<?xml version="1.0" encoding="UTF-8"?>
<!-- Generated by org.testng.reporters.JUnitReportReporter -->
<testsuite skipped="0" hostname="TGS-DPC-2057" name="com.tv.t.Ftest" tests="3" failures="0" timestamp="06 Jul 2021 23:17:48 GMT" time="0.022" errors="0">
  <testcase name="segAppple" time="0.003" classname="com.tv.t.Ftest"/>
  <testcase name="valAppple" time="0.007" classname="com.tv.t.Ftest"/>
  <testcase name="addFruits" time="0.012" classname="com.tv.t.Ftest"/>
</testsuite> <!-- com.tv.t.Ftest -->
