<?xml version="1.0" encoding="UTF-8"?>
<!-- Generated by org.testng.reporters.JUnitReportReporter -->
<testsuite skipped="0" hostname="TGS-DPC-2057" name="com.tv.trainings.FruitsSegregation" tests="5" failures="0" timestamp="03 Jul 2021 21:54:40 GMT" time="0.041" errors="0">
  <testcase name="validateAppleCount" time="0.002" classname="com.tv.trainings.FruitsSegregation"/>
  <testcase name="getOrangePrice" time="0.001" classname="com.tv.trainings.FruitsSegregation"/>
  <testcase name="getGreenApplePrice" time="0.004" classname="com.tv.trainings.FruitsSegregation"/>
  <testcase name="validateBananaCount" time="0.000" classname="com.tv.trainings.FruitsSegregation"/>
  <testcase name="addFruits" time="0.034" classname="com.tv.trainings.FruitsSegregation"/>
</testsuite> <!-- com.tv.trainings.FruitsSegregation -->
