<?xml version="1.0" encoding="UTF-8"?>
<!-- Generated by org.testng.reporters.JUnitReportReporter -->
<testsuite skipped="0" hostname="TGS-DPC-2057" name="com.tv.trainings2.ShopTest" tests="4" failures="0" timestamp="07 Jul 2021 08:58:24 GMT" time="0.083" errors="0">
  <testcase name="validateGstProductsListCount" time="0.002" classname="com.tv.trainings2.ShopTest"/>
  <testcase name="addProducts" time="0.009" classname="com.tv.trainings2.ShopTest"/>
  <testcase name="getAllGstProducts" time="0.002" classname="com.tv.trainings2.ShopTest"/>
  <testcase name="validateGstProducts" time="0.070" classname="com.tv.trainings2.ShopTest"/>
</testsuite> <!-- com.tv.trainings2.ShopTest -->
