<?xml version="1.0" encoding="UTF-8"?>
<!-- Generated by org.testng.reporters.JUnitReportReporter -->
<testsuite skipped="0" hostname="TGS-DPC-2057" name="com.tv.trainings.FruitsSegregation" tests="6" failures="0" timestamp="06 Jul 2021 19:42:03 GMT" time="0.049" errors="0">
  <testcase name="T03_getGreenApplePrice" time="0.004" classname="com.tv.trainings.FruitsSegregation"/>
  <testcase name="T06_validateBananaCount" time="0.006" classname="com.tv.trainings.FruitsSegregation"/>
  <testcase name="T05_validateAppleCount" time="0.015" classname="com.tv.trainings.FruitsSegregation"/>
  <testcase name="T04_getOrangePrice" time="0.006" classname="com.tv.trainings.FruitsSegregation"/>
  <testcase name="T01_addFruits" time="0.014" classname="com.tv.trainings.FruitsSegregation"/>
  <testcase name="T02_segregateFruits" time="0.004" classname="com.tv.trainings.FruitsSegregation"/>
</testsuite> <!-- com.tv.trainings.FruitsSegregation -->
