<?xml version="1.0" encoding="UTF-8"?>
<!-- Generated by org.testng.reporters.JUnitReportReporter -->
<testsuite skipped="0" hostname="TGS-DPC-2057" name="com.tv.trainings.FruitsSegregation" tests="5" failures="0" timestamp="06 Jul 2021 18:59:42 GMT" time="0.039" errors="0">
  <testcase name="T04_validateAppleCount" time="0.003" classname="com.tv.trainings.FruitsSegregation"/>
  <testcase name="T03_getOrangePrice" time="0.003" classname="com.tv.trainings.FruitsSegregation"/>
  <testcase name="T05_validateBananaCount" time="0.009" classname="com.tv.trainings.FruitsSegregation"/>
  <testcase name="T01_addFruits" time="0.021" classname="com.tv.trainings.FruitsSegregation"/>
  <testcase name="T02_getGreenApplePrice" time="0.003" classname="com.tv.trainings.FruitsSegregation"/>
</testsuite> <!-- com.tv.trainings.FruitsSegregation -->
